[2025-03-16 23:13:44] local.INFO: getCurrentAttendance呼び出し {"user_id":1,"date":"2025-03-16"} 
[2025-03-16 23:13:44] local.INFO: getCurrentAttendance結果 {"found":"yes","record":{"App\\Models\\AttendanceRecord":{"id":1,"user_id":1,"date":"2025-03-16","work_start_time":"2025-03-16T13:55:19.000000Z","work_end_time":null,"created_at":"2025-03-16T13:55:19.000000Z","updated_at":"2025-03-16T13:55:19.000000Z"}}} 
[2025-03-16 23:13:47] local.INFO: getCurrentAttendance呼び出し {"user_id":1,"date":"2025-03-16"} 
[2025-03-16 23:13:47] local.INFO: getCurrentAttendance結果 {"found":"yes","record":{"App\\Models\\AttendanceRecord":{"id":1,"user_id":1,"date":"2025-03-16","work_start_time":"2025-03-16T13:55:19.000000Z","work_end_time":null,"created_at":"2025-03-16T13:55:19.000000Z","updated_at":"2025-03-16T13:55:19.000000Z"}}} 
[2025-03-16 23:13:47] local.INFO: getCurrentAttendance呼び出し {"user_id":1,"date":"2025-03-16"} 
[2025-03-16 23:13:47] local.INFO: getCurrentAttendance結果 {"found":"yes","record":{"App\\Models\\AttendanceRecord":{"id":1,"user_id":1,"date":"2025-03-16","work_start_time":"2025-03-16T13:55:19.000000Z","work_end_time":null,"created_at":"2025-03-16T13:55:19.000000Z","updated_at":"2025-03-16T13:55:19.000000Z"}}} 
[2025-03-16 23:15:15] local.INFO: getCurrentAttendance呼び出し {"user_id":1,"date":"2025-03-16"} 
[2025-03-16 23:15:15] local.INFO: getCurrentAttendance結果 {"found":"yes","record":{"App\\Models\\AttendanceRecord":{"id":1,"user_id":1,"date":"2025-03-16","work_start_time":"2025-03-16T13:55:19.000000Z","work_end_time":null,"created_at":"2025-03-16T13:55:19.000000Z","updated_at":"2025-03-16T13:55:19.000000Z"}}} 
[2025-03-16 23:15:22] local.INFO: getCurrentAttendance呼び出し {"user_id":1,"date":"2025-03-16"} 
[2025-03-16 23:15:22] local.INFO: getCurrentAttendance結果 {"found":"yes","record":{"App\\Models\\AttendanceRecord":{"id":1,"user_id":1,"date":"2025-03-16","work_start_time":"2025-03-16T13:55:19.000000Z","work_end_time":null,"created_at":"2025-03-16T13:55:19.000000Z","updated_at":"2025-03-16T13:55:19.000000Z"}}} 
[2025-03-16 23:18:46] local.INFO: Employee attendance show method called: {"user_id":"1","date":"2025-03-16"} 
[2025-03-16 23:18:46] local.INFO: Processed employee attendance record: {"id":1,"work_start":"2025-03-16 22:55:19","work_end":null,"break_duration":426,"work_duration":981,"is_breaking":false} 
[2025-03-16 23:23:09] local.INFO: Employee attendance show method called: {"user_id":"1","date":"2025-03-16"} 
[2025-03-16 23:23:09] local.INFO: Processed employee attendance record: {"id":1,"work_start":"2025-03-16 22:55:19","work_end":null,"break_duration":426,"work_duration":1244,"is_breaking":false} 
[2025-03-16 23:23:15] local.INFO: getCurrentAttendance呼び出し {"user_id":1,"date":"2025-03-16"} 
[2025-03-16 23:23:15] local.INFO: getCurrentAttendance結果 {"found":"yes","record":{"App\\Models\\AttendanceRecord":{"id":1,"user_id":1,"date":"2025-03-16","work_start_time":"2025-03-16T13:55:19.000000Z","work_end_time":null,"created_at":"2025-03-16T13:55:19.000000Z","updated_at":"2025-03-16T13:55:19.000000Z"}}} 
[2025-03-16 23:23:18] local.INFO: getCurrentAttendance呼び出し {"user_id":1,"date":"2025-03-16"} 
[2025-03-16 23:23:18] local.INFO: getCurrentAttendance結果 {"found":"yes","record":{"App\\Models\\AttendanceRecord":{"id":1,"user_id":1,"date":"2025-03-16","work_start_time":"2025-03-16T13:55:19.000000Z","work_end_time":null,"created_at":"2025-03-16T13:55:19.000000Z","updated_at":"2025-03-16T13:55:19.000000Z"}}} 
[2025-03-16 23:23:18] local.INFO: getCurrentAttendance呼び出し {"user_id":1,"date":"2025-03-16"} 
[2025-03-16 23:23:18] local.INFO: getCurrentAttendance結果 {"found":"yes","record":{"App\\Models\\AttendanceRecord":{"id":1,"user_id":1,"date":"2025-03-16","work_start_time":"2025-03-16T13:55:19.000000Z","work_end_time":null,"created_at":"2025-03-16T13:55:19.000000Z","updated_at":"2025-03-16T13:55:19.000000Z"}}} 
[2025-03-16 23:23:22] local.INFO: Employee attendance show method called: {"user_id":"1","date":"2025-03-16"} 
[2025-03-16 23:23:22] local.INFO: Processed employee attendance record: {"id":1,"work_start":"2025-03-16 22:55:19","work_end":null,"break_duration":430,"work_duration":1253,"is_breaking":true} 
[2025-03-16 23:23:48] local.INFO: Employee attendance show method called: {"user_id":"1","date":"2025-03-15"} 
[2025-03-16 23:23:51] local.INFO: show method called with date: {"date":"2025-03-16"} 
[2025-03-16 23:23:51] local.INFO: Retrieved attendance records: {"count":1,"total":1,"items":[{"App\\Models\\AttendanceRecord":{"id":1,"user_id":1,"date":"2025-03-16","work_start_time":"2025-03-16T13:55:19.000000Z","work_end_time":null,"created_at":"2025-03-16T13:55:19.000000Z","updated_at":"2025-03-16T13:55:19.000000Z","user":{"id":1,"name":"はら　たま","email":"tama@test.com","email_verified_at":"2025-03-16T13:55:14.000000Z","created_at":"2025-03-16T13:55:03.000000Z","updated_at":"2025-03-16T13:55:14.000000Z"},"break_times":[{"id":1,"attendance_record_id":1,"break_start_time":"2025-03-16T14:06:41.000000Z","break_end_time":"2025-03-16T14:13:47.000000Z","created_at":"2025-03-16T14:06:41.000000Z","updated_at":"2025-03-16T14:13:47.000000Z"},{"id":2,"attendance_record_id":1,"break_start_time":"2025-03-16T14:23:18.000000Z","break_end_time":null,"created_at":"2025-03-16T14:23:18.000000Z","updated_at":"2025-03-16T14:23:18.000000Z"}]}}]} 
[2025-03-16 23:23:51] local.INFO: Processed attendance record: {"id":1,"user":"はら　たま","work_start":"2025-03-16 22:55:19","work_end":null,"break_duration":459,"work_duration":1253,"is_breaking":true} 
[2025-03-16 23:23:57] local.INFO: Employee attendance show method called: {"user_id":"1","date":"2025-03-16"} 
[2025-03-16 23:23:57] local.INFO: Processed employee attendance record: {"id":1,"work_start":"2025-03-16 22:55:19","work_end":null,"break_duration":465,"work_duration":1253,"is_breaking":true} 
[2025-03-16 23:24:49] local.INFO: Employee attendance show method called: {"user_id":"1","date":"2025-03-16"} 
[2025-03-16 23:24:49] local.INFO: Processed employee attendance record: {"id":1,"work_start":"2025-03-16 22:55:19","work_end":null,"break_duration":517,"work_duration":1253,"is_breaking":true} 
[2025-03-16 23:24:53] local.INFO: show method called with date: {"date":"2025-03-16"} 
[2025-03-16 23:24:53] local.INFO: Retrieved attendance records: {"count":1,"total":1,"items":[{"App\\Models\\AttendanceRecord":{"id":1,"user_id":1,"date":"2025-03-16","work_start_time":"2025-03-16T13:55:19.000000Z","work_end_time":null,"created_at":"2025-03-16T13:55:19.000000Z","updated_at":"2025-03-16T13:55:19.000000Z","user":{"id":1,"name":"はら　たま","email":"tama@test.com","email_verified_at":"2025-03-16T13:55:14.000000Z","created_at":"2025-03-16T13:55:03.000000Z","updated_at":"2025-03-16T13:55:14.000000Z"},"break_times":[{"id":1,"attendance_record_id":1,"break_start_time":"2025-03-16T14:06:41.000000Z","break_end_time":"2025-03-16T14:13:47.000000Z","created_at":"2025-03-16T14:06:41.000000Z","updated_at":"2025-03-16T14:13:47.000000Z"},{"id":2,"attendance_record_id":1,"break_start_time":"2025-03-16T14:23:18.000000Z","break_end_time":null,"created_at":"2025-03-16T14:23:18.000000Z","updated_at":"2025-03-16T14:23:18.000000Z"}]}}]} 
[2025-03-16 23:24:53] local.INFO: Processed attendance record: {"id":1,"user":"はら　たま","work_start":"2025-03-16 22:55:19","work_end":null,"break_duration":521,"work_duration":1253,"is_breaking":true} 
[2025-03-16 23:26:13] local.INFO: show method called with date: {"date":"2025-03-16"} 
[2025-03-16 23:26:13] local.INFO: Retrieved attendance records: {"count":1,"total":1,"items":[{"App\\Models\\AttendanceRecord":{"id":1,"user_id":1,"date":"2025-03-16","work_start_time":"2025-03-16T13:55:19.000000Z","work_end_time":null,"created_at":"2025-03-16T13:55:19.000000Z","updated_at":"2025-03-16T13:55:19.000000Z","user":{"id":1,"name":"はら　たま","email":"tama@test.com","email_verified_at":"2025-03-16T13:55:14.000000Z","created_at":"2025-03-16T13:55:03.000000Z","updated_at":"2025-03-16T13:55:14.000000Z"},"break_times":[{"id":1,"attendance_record_id":1,"break_start_time":"2025-03-16T14:06:41.000000Z","break_end_time":"2025-03-16T14:13:47.000000Z","created_at":"2025-03-16T14:06:41.000000Z","updated_at":"2025-03-16T14:13:47.000000Z"},{"id":2,"attendance_record_id":1,"break_start_time":"2025-03-16T14:23:18.000000Z","break_end_time":null,"created_at":"2025-03-16T14:23:18.000000Z","updated_at":"2025-03-16T14:23:18.000000Z"}]}}]} 
[2025-03-16 23:26:13] local.INFO: Processed attendance record: {"id":1,"user":"はら　たま","work_start":"2025-03-16 22:55:19","work_end":null,"break_duration":601,"work_duration":1253,"is_breaking":true} 
[2025-03-16 23:26:38] local.INFO: show method called with date: {"date":"2025-03-16"} 
[2025-03-16 23:26:38] local.INFO: Retrieved attendance records: {"count":1,"total":1,"items":[{"App\\Models\\AttendanceRecord":{"id":1,"user_id":1,"date":"2025-03-16","work_start_time":"2025-03-16T13:55:19.000000Z","work_end_time":null,"created_at":"2025-03-16T13:55:19.000000Z","updated_at":"2025-03-16T13:55:19.000000Z","user":{"id":1,"name":"はら　たま","email":"tama@test.com","email_verified_at":"2025-03-16T13:55:14.000000Z","created_at":"2025-03-16T13:55:03.000000Z","updated_at":"2025-03-16T13:55:14.000000Z"},"break_times":[{"id":1,"attendance_record_id":1,"break_start_time":"2025-03-16T14:06:41.000000Z","break_end_time":"2025-03-16T14:13:47.000000Z","created_at":"2025-03-16T14:06:41.000000Z","updated_at":"2025-03-16T14:13:47.000000Z"},{"id":2,"attendance_record_id":1,"break_start_time":"2025-03-16T14:23:18.000000Z","break_end_time":null,"created_at":"2025-03-16T14:23:18.000000Z","updated_at":"2025-03-16T14:23:18.000000Z"}]}}]} 
[2025-03-16 23:26:38] local.INFO: Processed attendance record: {"id":1,"user":"はら　たま","work_start":"2025-03-16 22:55:19","work_end":null,"break_duration":626,"work_duration":1253,"is_breaking":true} 
[2025-03-16 23:26:44] local.INFO: getCurrentAttendance呼び出し {"user_id":1,"date":"2025-03-16"} 
[2025-03-16 23:26:44] local.INFO: getCurrentAttendance結果 {"found":"yes","record":{"App\\Models\\AttendanceRecord":{"id":1,"user_id":1,"date":"2025-03-16","work_start_time":"2025-03-16T13:55:19.000000Z","work_end_time":null,"created_at":"2025-03-16T13:55:19.000000Z","updated_at":"2025-03-16T13:55:19.000000Z"}}} 
[2025-03-16 23:26:47] local.INFO: getCurrentAttendance呼び出し {"user_id":1,"date":"2025-03-16"} 
[2025-03-16 23:26:47] local.INFO: getCurrentAttendance結果 {"found":"yes","record":{"App\\Models\\AttendanceRecord":{"id":1,"user_id":1,"date":"2025-03-16","work_start_time":"2025-03-16T13:55:19.000000Z","work_end_time":null,"created_at":"2025-03-16T13:55:19.000000Z","updated_at":"2025-03-16T13:55:19.000000Z"}}} 
[2025-03-16 23:26:47] local.INFO: getCurrentAttendance呼び出し {"user_id":1,"date":"2025-03-16"} 
[2025-03-16 23:26:47] local.INFO: getCurrentAttendance結果 {"found":"yes","record":{"App\\Models\\AttendanceRecord":{"id":1,"user_id":1,"date":"2025-03-16","work_start_time":"2025-03-16T13:55:19.000000Z","work_end_time":null,"created_at":"2025-03-16T13:55:19.000000Z","updated_at":"2025-03-16T13:55:19.000000Z"}}} 
[2025-03-16 23:26:52] local.INFO: Employee attendance show method called: {"user_id":"1","date":"2025-03-16"} 
[2025-03-16 23:26:52] local.INFO: Processed employee attendance record: {"id":1,"work_start":"2025-03-16 22:55:19","work_end":null,"break_duration":635,"work_duration":1258,"is_breaking":false} 
[2025-03-16 23:26:55] local.INFO: show method called with date: {"date":"2025-03-16"} 
[2025-03-16 23:26:55] local.INFO: Retrieved attendance records: {"count":1,"total":1,"items":[{"App\\Models\\AttendanceRecord":{"id":1,"user_id":1,"date":"2025-03-16","work_start_time":"2025-03-16T13:55:19.000000Z","work_end_time":null,"created_at":"2025-03-16T13:55:19.000000Z","updated_at":"2025-03-16T13:55:19.000000Z","user":{"id":1,"name":"はら　たま","email":"tama@test.com","email_verified_at":"2025-03-16T13:55:14.000000Z","created_at":"2025-03-16T13:55:03.000000Z","updated_at":"2025-03-16T13:55:14.000000Z"},"break_times":[{"id":1,"attendance_record_id":1,"break_start_time":"2025-03-16T14:06:41.000000Z","break_end_time":"2025-03-16T14:13:47.000000Z","created_at":"2025-03-16T14:06:41.000000Z","updated_at":"2025-03-16T14:13:47.000000Z"},{"id":2,"attendance_record_id":1,"break_start_time":"2025-03-16T14:23:18.000000Z","break_end_time":"2025-03-16T14:26:47.000000Z","created_at":"2025-03-16T14:23:18.000000Z","updated_at":"2025-03-16T14:26:47.000000Z"}]}}]} 
[2025-03-16 23:26:55] local.INFO: Processed attendance record: {"id":1,"user":"はら　たま","work_start":"2025-03-16 22:55:19","work_end":null,"break_duration":635,"work_duration":1261,"is_breaking":false} 
[2025-03-16 23:26:58] local.INFO: show method called with date: {"date":"2025-03-16"} 
[2025-03-16 23:26:58] local.INFO: Retrieved attendance records: {"count":1,"total":1,"items":[{"App\\Models\\AttendanceRecord":{"id":1,"user_id":1,"date":"2025-03-16","work_start_time":"2025-03-16T13:55:19.000000Z","work_end_time":null,"created_at":"2025-03-16T13:55:19.000000Z","updated_at":"2025-03-16T13:55:19.000000Z","user":{"id":1,"name":"はら　たま","email":"tama@test.com","email_verified_at":"2025-03-16T13:55:14.000000Z","created_at":"2025-03-16T13:55:03.000000Z","updated_at":"2025-03-16T13:55:14.000000Z"},"break_times":[{"id":1,"attendance_record_id":1,"break_start_time":"2025-03-16T14:06:41.000000Z","break_end_time":"2025-03-16T14:13:47.000000Z","created_at":"2025-03-16T14:06:41.000000Z","updated_at":"2025-03-16T14:13:47.000000Z"},{"id":2,"attendance_record_id":1,"break_start_time":"2025-03-16T14:23:18.000000Z","break_end_time":"2025-03-16T14:26:47.000000Z","created_at":"2025-03-16T14:23:18.000000Z","updated_at":"2025-03-16T14:26:47.000000Z"}]}}]} 
[2025-03-16 23:26:58] local.INFO: Processed attendance record: {"id":1,"user":"はら　たま","work_start":"2025-03-16 22:55:19","work_end":null,"break_duration":635,"work_duration":1264,"is_breaking":false} 
[2025-03-16 23:27:03] local.INFO: Employee attendance show method called: {"user_id":"1","date":"2025-03-16"} 
[2025-03-16 23:27:03] local.INFO: Processed employee attendance record: {"id":1,"work_start":"2025-03-16 22:55:19","work_end":null,"break_duration":635,"work_duration":1269,"is_breaking":false} 
[2025-03-16 23:27:05] local.INFO: getCurrentAttendance呼び出し {"user_id":1,"date":"2025-03-16"} 
[2025-03-16 23:27:05] local.INFO: getCurrentAttendance結果 {"found":"yes","record":{"App\\Models\\AttendanceRecord":{"id":1,"user_id":1,"date":"2025-03-16","work_start_time":"2025-03-16T13:55:19.000000Z","work_end_time":null,"created_at":"2025-03-16T13:55:19.000000Z","updated_at":"2025-03-16T13:55:19.000000Z"}}} 
[2025-03-16 23:27:08] local.INFO: getCurrentAttendance呼び出し {"user_id":1,"date":"2025-03-16"} 
[2025-03-16 23:27:08] local.INFO: getCurrentAttendance結果 {"found":"yes","record":{"App\\Models\\AttendanceRecord":{"id":1,"user_id":1,"date":"2025-03-16","work_start_time":"2025-03-16T13:55:19.000000Z","work_end_time":null,"created_at":"2025-03-16T13:55:19.000000Z","updated_at":"2025-03-16T13:55:19.000000Z"}}} 
[2025-03-16 23:27:09] local.INFO: getCurrentAttendance呼び出し {"user_id":1,"date":"2025-03-16"} 
[2025-03-16 23:27:09] local.INFO: getCurrentAttendance結果 {"found":"yes","record":{"App\\Models\\AttendanceRecord":{"id":1,"user_id":1,"date":"2025-03-16","work_start_time":"2025-03-16T13:55:19.000000Z","work_end_time":"2025-03-16T14:27:08.000000Z","created_at":"2025-03-16T13:55:19.000000Z","updated_at":"2025-03-16T14:27:08.000000Z"}}} 
[2025-03-16 23:27:14] local.INFO: Employee attendance show method called: {"user_id":"1","date":"2025-03-16"} 
[2025-03-16 23:27:14] local.INFO: Processed employee attendance record: {"id":1,"work_start":"2025-03-16 22:55:19","work_end":"2025-03-16 23:27:08","break_duration":635,"work_duration":1274,"is_breaking":false} 
[2025-03-16 23:27:18] local.INFO: getCurrentAttendance呼び出し {"user_id":1,"date":"2025-03-16"} 
[2025-03-16 23:27:18] local.INFO: getCurrentAttendance結果 {"found":"yes","record":{"App\\Models\\AttendanceRecord":{"id":1,"user_id":1,"date":"2025-03-16","work_start_time":"2025-03-16T13:55:19.000000Z","work_end_time":"2025-03-16T14:27:08.000000Z","created_at":"2025-03-16T13:55:19.000000Z","updated_at":"2025-03-16T14:27:08.000000Z"}}} 
[2025-03-16 23:31:16] local.ERROR: SQLSTATE[HY000]: General error: 3730 Cannot drop table 'users' referenced by a foreign key constraint 'attendance_sessions_user_id_foreign' on table 'attendance_sessions'. (SQL: drop table if exists `users`) {"exception":"[object] (Illuminate\\Database\\QueryException(code: HY000): SQLSTATE[HY000]: General error: 3730 Cannot drop table 'users' referenced by a foreign key constraint 'attendance_sessions_user_id_foreign' on table 'attendance_sessions'. (SQL: drop table if exists `users`) at /var/www/vendor/laravel/framework/src/Illuminate/Database/Connection.php:712)
[stacktrace]
#0 /var/www/vendor/laravel/framework/src/Illuminate/Database/Connection.php(672): Illuminate\\Database\\Connection->runQueryCallback('drop table if e...', Array, Object(Closure))
#1 /var/www/vendor/laravel/framework/src/Illuminate/Database/Connection.php(502): Illuminate\\Database\\Connection->run('drop table if e...', Array, Object(Closure))
#2 /var/www/vendor/laravel/framework/src/Illuminate/Database/Schema/Blueprint.php(109): Illuminate\\Database\\Connection->statement('drop table if e...')
#3 /var/www/vendor/laravel/framework/src/Illuminate/Database/Schema/Builder.php(364): Illuminate\\Database\\Schema\\Blueprint->build(Object(Illuminate\\Database\\MySqlConnection), Object(Illuminate\\Database\\Schema\\Grammars\\MySqlGrammar))
#4 /var/www/vendor/laravel/framework/src/Illuminate/Database/Schema/Builder.php(253): Illuminate\\Database\\Schema\\Builder->build(Object(Illuminate\\Database\\Schema\\Blueprint))
#5 /var/www/vendor/laravel/framework/src/Illuminate/Support/Facades/Facade.php(261): Illuminate\\Database\\Schema\\Builder->dropIfExists('users')
#6 /var/www/database/migrations/2014_10_12_000000_create_users_table.php(34): Illuminate\\Support\\Facades\\Facade::__callStatic('dropIfExists', Array)
#7 /var/www/vendor/laravel/framework/src/Illuminate/Database/Migrations/Migrator.php(472): CreateUsersTable->down()
#8 /var/www/vendor/laravel/framework/src/Illuminate/Database/Migrations/Migrator.php(394): Illuminate\\Database\\Migrations\\Migrator->runMethod(Object(Illuminate\\Database\\MySqlConnection), Object(CreateUsersTable), 'down')
#9 /var/www/vendor/laravel/framework/src/Illuminate/Database/Migrations/Migrator.php(403): Illuminate\\Database\\Migrations\\Migrator->Illuminate\\Database\\Migrations\\{closure}()
#10 /var/www/vendor/laravel/framework/src/Illuminate/Database/Migrations/Migrator.php(365): Illuminate\\Database\\Migrations\\Migrator->runMigration(Object(CreateUsersTable), 'down')
#11 /var/www/vendor/laravel/framework/src/Illuminate/Database/Migrations/Migrator.php(286): Illuminate\\Database\\Migrations\\Migrator->runDown('/var/www/databa...', Object(stdClass), false)
#12 /var/www/vendor/laravel/framework/src/Illuminate/Database/Migrations/Migrator.php(336): Illuminate\\Database\\Migrations\\Migrator->rollbackMigrations(Array, Array, Array)
#13 /var/www/vendor/laravel/framework/src/Illuminate/Database/Migrations/Migrator.php(315): Illuminate\\Database\\Migrations\\Migrator->resetMigrations(Array, Array, false)
#14 /var/www/vendor/laravel/framework/src/Illuminate/Database/Console/Migrations/ResetCommand.php(67): Illuminate\\Database\\Migrations\\Migrator->reset(Array, false)
#15 /var/www/vendor/laravel/framework/src/Illuminate/Database/Migrations/Migrator.php(606): Illuminate\\Database\\Console\\Migrations\\ResetCommand->Illuminate\\Database\\Console\\Migrations\\{closure}()
#16 /var/www/vendor/laravel/framework/src/Illuminate/Database/Console/Migrations/ResetCommand.php(69): Illuminate\\Database\\Migrations\\Migrator->usingConnection(NULL, Object(Closure))
#17 /var/www/vendor/laravel/framework/src/Illuminate/Container/BoundMethod.php(36): Illuminate\\Database\\Console\\Migrations\\ResetCommand->handle()
#18 /var/www/vendor/laravel/framework/src/Illuminate/Container/Util.php(40): Illuminate\\Container\\BoundMethod::Illuminate\\Container\\{closure}()
#19 /var/www/vendor/laravel/framework/src/Illuminate/Container/BoundMethod.php(93): Illuminate\\Container\\Util::unwrapIfClosure(Object(Closure))
#20 /var/www/vendor/laravel/framework/src/Illuminate/Container/BoundMethod.php(37): Illuminate\\Container\\BoundMethod::callBoundMethod(Object(Illuminate\\Foundation\\Application), Array, Object(Closure))
#21 /var/www/vendor/laravel/framework/src/Illuminate/Container/Container.php(653): Illuminate\\Container\\BoundMethod::call(Object(Illuminate\\Foundation\\Application), Array, Array, NULL)
#22 /var/www/vendor/laravel/framework/src/Illuminate/Console/Command.php(136): Illuminate\\Container\\Container->call(Array)
#23 /var/www/vendor/symfony/console/Command/Command.php(298): Illuminate\\Console\\Command->execute(Object(Symfony\\Component\\Console\\Input\\ArrayInput), Object(Illuminate\\Console\\OutputStyle))
#24 /var/www/vendor/laravel/framework/src/Illuminate/Console/Command.php(121): Symfony\\Component\\Console\\Command\\Command->run(Object(Symfony\\Component\\Console\\Input\\ArrayInput), Object(Illuminate\\Console\\OutputStyle))
#25 /var/www/vendor/laravel/framework/src/Illuminate/Console/Concerns/CallsCommands.php(68): Illuminate\\Console\\Command->run(Object(Symfony\\Component\\Console\\Input\\ArrayInput), Object(Illuminate\\Console\\OutputStyle))
#26 /var/www/vendor/laravel/framework/src/Illuminate/Console/Concerns/CallsCommands.php(28): Illuminate\\Console\\Command->runCommand('migrate:reset', Array, Object(Illuminate\\Console\\OutputStyle))
#27 /var/www/vendor/laravel/framework/src/Illuminate/Database/Console/Migrations/RefreshCommand.php(110): Illuminate\\Console\\Command->call('migrate:reset', Array)
#28 /var/www/vendor/laravel/framework/src/Illuminate/Database/Console/Migrations/RefreshCommand.php(55): Illuminate\\Database\\Console\\Migrations\\RefreshCommand->runReset(NULL, Array)
#29 /var/www/vendor/laravel/framework/src/Illuminate/Container/BoundMethod.php(36): Illuminate\\Database\\Console\\Migrations\\RefreshCommand->handle()
#30 /var/www/vendor/laravel/framework/src/Illuminate/Container/Util.php(40): Illuminate\\Container\\BoundMethod::Illuminate\\Container\\{closure}()
#31 /var/www/vendor/laravel/framework/src/Illuminate/Container/BoundMethod.php(93): Illuminate\\Container\\Util::unwrapIfClosure(Object(Closure))
#32 /var/www/vendor/laravel/framework/src/Illuminate/Container/BoundMethod.php(37): Illuminate\\Container\\BoundMethod::callBoundMethod(Object(Illuminate\\Foundation\\Application), Array, Object(Closure))
#33 /var/www/vendor/laravel/framework/src/Illuminate/Container/Container.php(653): Illuminate\\Container\\BoundMethod::call(Object(Illuminate\\Foundation\\Application), Array, Array, NULL)
#34 /var/www/vendor/laravel/framework/src/Illuminate/Console/Command.php(136): Illuminate\\Container\\Container->call(Array)
#35 /var/www/vendor/symfony/console/Command/Command.php(298): Illuminate\\Console\\Command->execute(Object(Symfony\\Component\\Console\\Input\\ArgvInput), Object(Illuminate\\Console\\OutputStyle))
#36 /var/www/vendor/laravel/framework/src/Illuminate/Console/Command.php(121): Symfony\\Component\\Console\\Command\\Command->run(Object(Symfony\\Component\\Console\\Input\\ArgvInput), Object(Illuminate\\Console\\OutputStyle))
#37 /var/www/vendor/symfony/console/Application.php(1040): Illuminate\\Console\\Command->run(Object(Symfony\\Component\\Console\\Input\\ArgvInput), Object(Symfony\\Component\\Console\\Output\\ConsoleOutput))
#38 /var/www/vendor/symfony/console/Application.php(301): Symfony\\Component\\Console\\Application->doRunCommand(Object(Illuminate\\Database\\Console\\Migrations\\RefreshCommand), Object(Symfony\\Component\\Console\\Input\\ArgvInput), Object(Symfony\\Component\\Console\\Output\\ConsoleOutput))
#39 /var/www/vendor/symfony/console/Application.php(171): Symfony\\Component\\Console\\Application->doRun(Object(Symfony\\Component\\Console\\Input\\ArgvInput), Object(Symfony\\Component\\Console\\Output\\ConsoleOutput))
#40 /var/www/vendor/laravel/framework/src/Illuminate/Console/Application.php(94): Symfony\\Component\\Console\\Application->run(Object(Symfony\\Component\\Console\\Input\\ArgvInput), Object(Symfony\\Component\\Console\\Output\\ConsoleOutput))
#41 /var/www/vendor/laravel/framework/src/Illuminate/Foundation/Console/Kernel.php(129): Illuminate\\Console\\Application->run(Object(Symfony\\Component\\Console\\Input\\ArgvInput), Object(Symfony\\Component\\Console\\Output\\ConsoleOutput))
#42 /var/www/artisan(37): Illuminate\\Foundation\\Console\\Kernel->handle(Object(Symfony\\Component\\Console\\Input\\ArgvInput), Object(Symfony\\Component\\Console\\Output\\ConsoleOutput))
#43 {main}

[previous exception] [object] (PDOException(code: HY000): SQLSTATE[HY000]: General error: 3730 Cannot drop table 'users' referenced by a foreign key constraint 'attendance_sessions_user_id_foreign' on table 'attendance_sessions'. at /var/www/vendor/laravel/framework/src/Illuminate/Database/Connection.php:501)
[stacktrace]
#0 /var/www/vendor/laravel/framework/src/Illuminate/Database/Connection.php(501): PDOStatement->execute()
#1 /var/www/vendor/laravel/framework/src/Illuminate/Database/Connection.php(705): Illuminate\\Database\\Connection->Illuminate\\Database\\{closure}('drop table if e...', Array)
#2 /var/www/vendor/laravel/framework/src/Illuminate/Database/Connection.php(672): Illuminate\\Database\\Connection->runQueryCallback('drop table if e...', Array, Object(Closure))
#3 /var/www/vendor/laravel/framework/src/Illuminate/Database/Connection.php(502): Illuminate\\Database\\Connection->run('drop table if e...', Array, Object(Closure))
#4 /var/www/vendor/laravel/framework/src/Illuminate/Database/Schema/Blueprint.php(109): Illuminate\\Database\\Connection->statement('drop table if e...')
#5 /var/www/vendor/laravel/framework/src/Illuminate/Database/Schema/Builder.php(364): Illuminate\\Database\\Schema\\Blueprint->build(Object(Illuminate\\Database\\MySqlConnection), Object(Illuminate\\Database\\Schema\\Grammars\\MySqlGrammar))
#6 /var/www/vendor/laravel/framework/src/Illuminate/Database/Schema/Builder.php(253): Illuminate\\Database\\Schema\\Builder->build(Object(Illuminate\\Database\\Schema\\Blueprint))
#7 /var/www/vendor/laravel/framework/src/Illuminate/Support/Facades/Facade.php(261): Illuminate\\Database\\Schema\\Builder->dropIfExists('users')
#8 /var/www/database/migrations/2014_10_12_000000_create_users_table.php(34): Illuminate\\Support\\Facades\\Facade::__callStatic('dropIfExists', Array)
#9 /var/www/vendor/laravel/framework/src/Illuminate/Database/Migrations/Migrator.php(472): CreateUsersTable->down()
#10 /var/www/vendor/laravel/framework/src/Illuminate/Database/Migrations/Migrator.php(394): Illuminate\\Database\\Migrations\\Migrator->runMethod(Object(Illuminate\\Database\\MySqlConnection), Object(CreateUsersTable), 'down')
#11 /var/www/vendor/laravel/framework/src/Illuminate/Database/Migrations/Migrator.php(403): Illuminate\\Database\\Migrations\\Migrator->Illuminate\\Database\\Migrations\\{closure}()
#12 /var/www/vendor/laravel/framework/src/Illuminate/Database/Migrations/Migrator.php(365): Illuminate\\Database\\Migrations\\Migrator->runMigration(Object(CreateUsersTable), 'down')
#13 /var/www/vendor/laravel/framework/src/Illuminate/Database/Migrations/Migrator.php(286): Illuminate\\Database\\Migrations\\Migrator->runDown('/var/www/databa...', Object(stdClass), false)
#14 /var/www/vendor/laravel/framework/src/Illuminate/Database/Migrations/Migrator.php(336): Illuminate\\Database\\Migrations\\Migrator->rollbackMigrations(Array, Array, Array)
#15 /var/www/vendor/laravel/framework/src/Illuminate/Database/Migrations/Migrator.php(315): Illuminate\\Database\\Migrations\\Migrator->resetMigrations(Array, Array, false)
#16 /var/www/vendor/laravel/framework/src/Illuminate/Database/Console/Migrations/ResetCommand.php(67): Illuminate\\Database\\Migrations\\Migrator->reset(Array, false)
#17 /var/www/vendor/laravel/framework/src/Illuminate/Database/Migrations/Migrator.php(606): Illuminate\\Database\\Console\\Migrations\\ResetCommand->Illuminate\\Database\\Console\\Migrations\\{closure}()
#18 /var/www/vendor/laravel/framework/src/Illuminate/Database/Console/Migrations/ResetCommand.php(69): Illuminate\\Database\\Migrations\\Migrator->usingConnection(NULL, Object(Closure))
#19 /var/www/vendor/laravel/framework/src/Illuminate/Container/BoundMethod.php(36): Illuminate\\Database\\Console\\Migrations\\ResetCommand->handle()
#20 /var/www/vendor/laravel/framework/src/Illuminate/Container/Util.php(40): Illuminate\\Container\\BoundMethod::Illuminate\\Container\\{closure}()
#21 /var/www/vendor/laravel/framework/src/Illuminate/Container/BoundMethod.php(93): Illuminate\\Container\\Util::unwrapIfClosure(Object(Closure))
#22 /var/www/vendor/laravel/framework/src/Illuminate/Container/BoundMethod.php(37): Illuminate\\Container\\BoundMethod::callBoundMethod(Object(Illuminate\\Foundation\\Application), Array, Object(Closure))
#23 /var/www/vendor/laravel/framework/src/Illuminate/Container/Container.php(653): Illuminate\\Container\\BoundMethod::call(Object(Illuminate\\Foundation\\Application), Array, Array, NULL)
#24 /var/www/vendor/laravel/framework/src/Illuminate/Console/Command.php(136): Illuminate\\Container\\Container->call(Array)
#25 /var/www/vendor/symfony/console/Command/Command.php(298): Illuminate\\Console\\Command->execute(Object(Symfony\\Component\\Console\\Input\\ArrayInput), Object(Illuminate\\Console\\OutputStyle))
#26 /var/www/vendor/laravel/framework/src/Illuminate/Console/Command.php(121): Symfony\\Component\\Console\\Command\\Command->run(Object(Symfony\\Component\\Console\\Input\\ArrayInput), Object(Illuminate\\Console\\OutputStyle))
#27 /var/www/vendor/laravel/framework/src/Illuminate/Console/Concerns/CallsCommands.php(68): Illuminate\\Console\\Command->run(Object(Symfony\\Component\\Console\\Input\\ArrayInput), Object(Illuminate\\Console\\OutputStyle))
#28 /var/www/vendor/laravel/framework/src/Illuminate/Console/Concerns/CallsCommands.php(28): Illuminate\\Console\\Command->runCommand('migrate:reset', Array, Object(Illuminate\\Console\\OutputStyle))
#29 /var/www/vendor/laravel/framework/src/Illuminate/Database/Console/Migrations/RefreshCommand.php(110): Illuminate\\Console\\Command->call('migrate:reset', Array)
#30 /var/www/vendor/laravel/framework/src/Illuminate/Database/Console/Migrations/RefreshCommand.php(55): Illuminate\\Database\\Console\\Migrations\\RefreshCommand->runReset(NULL, Array)
#31 /var/www/vendor/laravel/framework/src/Illuminate/Container/BoundMethod.php(36): Illuminate\\Database\\Console\\Migrations\\RefreshCommand->handle()
#32 /var/www/vendor/laravel/framework/src/Illuminate/Container/Util.php(40): Illuminate\\Container\\BoundMethod::Illuminate\\Container\\{closure}()
#33 /var/www/vendor/laravel/framework/src/Illuminate/Container/BoundMethod.php(93): Illuminate\\Container\\Util::unwrapIfClosure(Object(Closure))
#34 /var/www/vendor/laravel/framework/src/Illuminate/Container/BoundMethod.php(37): Illuminate\\Container\\BoundMethod::callBoundMethod(Object(Illuminate\\Foundation\\Application), Array, Object(Closure))
#35 /var/www/vendor/laravel/framework/src/Illuminate/Container/Container.php(653): Illuminate\\Container\\BoundMethod::call(Object(Illuminate\\Foundation\\Application), Array, Array, NULL)
#36 /var/www/vendor/laravel/framework/src/Illuminate/Console/Command.php(136): Illuminate\\Container\\Container->call(Array)
#37 /var/www/vendor/symfony/console/Command/Command.php(298): Illuminate\\Console\\Command->execute(Object(Symfony\\Component\\Console\\Input\\ArgvInput), Object(Illuminate\\Console\\OutputStyle))
#38 /var/www/vendor/laravel/framework/src/Illuminate/Console/Command.php(121): Symfony\\Component\\Console\\Command\\Command->run(Object(Symfony\\Component\\Console\\Input\\ArgvInput), Object(Illuminate\\Console\\OutputStyle))
#39 /var/www/vendor/symfony/console/Application.php(1040): Illuminate\\Console\\Command->run(Object(Symfony\\Component\\Console\\Input\\ArgvInput), Object(Symfony\\Component\\Console\\Output\\ConsoleOutput))
#40 /var/www/vendor/symfony/console/Application.php(301): Symfony\\Component\\Console\\Application->doRunCommand(Object(Illuminate\\Database\\Console\\Migrations\\RefreshCommand), Object(Symfony\\Component\\Console\\Input\\ArgvInput), Object(Symfony\\Component\\Console\\Output\\ConsoleOutput))
#41 /var/www/vendor/symfony/console/Application.php(171): Symfony\\Component\\Console\\Application->doRun(Object(Symfony\\Component\\Console\\Input\\ArgvInput), Object(Symfony\\Component\\Console\\Output\\ConsoleOutput))
#42 /var/www/vendor/laravel/framework/src/Illuminate/Console/Application.php(94): Symfony\\Component\\Console\\Application->run(Object(Symfony\\Component\\Console\\Input\\ArgvInput), Object(Symfony\\Component\\Console\\Output\\ConsoleOutput))
#43 /var/www/vendor/laravel/framework/src/Illuminate/Foundation/Console/Kernel.php(129): Illuminate\\Console\\Application->run(Object(Symfony\\Component\\Console\\Input\\ArgvInput), Object(Symfony\\Component\\Console\\Output\\ConsoleOutput))
#44 /var/www/artisan(37): Illuminate\\Foundation\\Console\\Kernel->handle(Object(Symfony\\Component\\Console\\Input\\ArgvInput), Object(Symfony\\Component\\Console\\Output\\ConsoleOutput))
#45 {main}
"} 
[2025-03-16 23:31:31] local.ERROR: SQLSTATE[HY000]: General error: 3730 Cannot drop table 'users' referenced by a foreign key constraint 'attendance_sessions_user_id_foreign' on table 'attendance_sessions'. (SQL: drop table if exists `users`) {"exception":"[object] (Illuminate\\Database\\QueryException(code: HY000): SQLSTATE[HY000]: General error: 3730 Cannot drop table 'users' referenced by a foreign key constraint 'attendance_sessions_user_id_foreign' on table 'attendance_sessions'. (SQL: drop table if exists `users`) at /var/www/vendor/laravel/framework/src/Illuminate/Database/Connection.php:712)
[stacktrace]
#0 /var/www/vendor/laravel/framework/src/Illuminate/Database/Connection.php(672): Illuminate\\Database\\Connection->runQueryCallback('drop table if e...', Array, Object(Closure))
#1 /var/www/vendor/laravel/framework/src/Illuminate/Database/Connection.php(502): Illuminate\\Database\\Connection->run('drop table if e...', Array, Object(Closure))
#2 /var/www/vendor/laravel/framework/src/Illuminate/Database/Schema/Blueprint.php(109): Illuminate\\Database\\Connection->statement('drop table if e...')
#3 /var/www/vendor/laravel/framework/src/Illuminate/Database/Schema/Builder.php(364): Illuminate\\Database\\Schema\\Blueprint->build(Object(Illuminate\\Database\\MySqlConnection), Object(Illuminate\\Database\\Schema\\Grammars\\MySqlGrammar))
#4 /var/www/vendor/laravel/framework/src/Illuminate/Database/Schema/Builder.php(253): Illuminate\\Database\\Schema\\Builder->build(Object(Illuminate\\Database\\Schema\\Blueprint))
#5 /var/www/vendor/laravel/framework/src/Illuminate/Support/Facades/Facade.php(261): Illuminate\\Database\\Schema\\Builder->dropIfExists('users')
#6 /var/www/database/migrations/2014_10_12_000000_create_users_table.php(34): Illuminate\\Support\\Facades\\Facade::__callStatic('dropIfExists', Array)
#7 /var/www/vendor/laravel/framework/src/Illuminate/Database/Migrations/Migrator.php(472): CreateUsersTable->down()
#8 /var/www/vendor/laravel/framework/src/Illuminate/Database/Migrations/Migrator.php(394): Illuminate\\Database\\Migrations\\Migrator->runMethod(Object(Illuminate\\Database\\MySqlConnection), Object(CreateUsersTable), 'down')
#9 /var/www/vendor/laravel/framework/src/Illuminate/Database/Migrations/Migrator.php(403): Illuminate\\Database\\Migrations\\Migrator->Illuminate\\Database\\Migrations\\{closure}()
#10 /var/www/vendor/laravel/framework/src/Illuminate/Database/Migrations/Migrator.php(365): Illuminate\\Database\\Migrations\\Migrator->runMigration(Object(CreateUsersTable), 'down')
#11 /var/www/vendor/laravel/framework/src/Illuminate/Database/Migrations/Migrator.php(286): Illuminate\\Database\\Migrations\\Migrator->runDown('/var/www/databa...', Object(stdClass), false)
#12 /var/www/vendor/laravel/framework/src/Illuminate/Database/Migrations/Migrator.php(336): Illuminate\\Database\\Migrations\\Migrator->rollbackMigrations(Array, Array, Array)
#13 /var/www/vendor/laravel/framework/src/Illuminate/Database/Migrations/Migrator.php(315): Illuminate\\Database\\Migrations\\Migrator->resetMigrations(Array, Array, false)
#14 /var/www/vendor/laravel/framework/src/Illuminate/Database/Console/Migrations/ResetCommand.php(67): Illuminate\\Database\\Migrations\\Migrator->reset(Array, false)
#15 /var/www/vendor/laravel/framework/src/Illuminate/Database/Migrations/Migrator.php(606): Illuminate\\Database\\Console\\Migrations\\ResetCommand->Illuminate\\Database\\Console\\Migrations\\{closure}()
#16 /var/www/vendor/laravel/framework/src/Illuminate/Database/Console/Migrations/ResetCommand.php(69): Illuminate\\Database\\Migrations\\Migrator->usingConnection(NULL, Object(Closure))
#17 /var/www/vendor/laravel/framework/src/Illuminate/Container/BoundMethod.php(36): Illuminate\\Database\\Console\\Migrations\\ResetCommand->handle()
#18 /var/www/vendor/laravel/framework/src/Illuminate/Container/Util.php(40): Illuminate\\Container\\BoundMethod::Illuminate\\Container\\{closure}()
#19 /var/www/vendor/laravel/framework/src/Illuminate/Container/BoundMethod.php(93): Illuminate\\Container\\Util::unwrapIfClosure(Object(Closure))
#20 /var/www/vendor/laravel/framework/src/Illuminate/Container/BoundMethod.php(37): Illuminate\\Container\\BoundMethod::callBoundMethod(Object(Illuminate\\Foundation\\Application), Array, Object(Closure))
#21 /var/www/vendor/laravel/framework/src/Illuminate/Container/Container.php(653): Illuminate\\Container\\BoundMethod::call(Object(Illuminate\\Foundation\\Application), Array, Array, NULL)
#22 /var/www/vendor/laravel/framework/src/Illuminate/Console/Command.php(136): Illuminate\\Container\\Container->call(Array)
#23 /var/www/vendor/symfony/console/Command/Command.php(298): Illuminate\\Console\\Command->execute(Object(Symfony\\Component\\Console\\Input\\ArrayInput), Object(Illuminate\\Console\\OutputStyle))
#24 /var/www/vendor/laravel/framework/src/Illuminate/Console/Command.php(121): Symfony\\Component\\Console\\Command\\Command->run(Object(Symfony\\Component\\Console\\Input\\ArrayInput), Object(Illuminate\\Console\\OutputStyle))
#25 /var/www/vendor/laravel/framework/src/Illuminate/Console/Concerns/CallsCommands.php(68): Illuminate\\Console\\Command->run(Object(Symfony\\Component\\Console\\Input\\ArrayInput), Object(Illuminate\\Console\\OutputStyle))
#26 /var/www/vendor/laravel/framework/src/Illuminate/Console/Concerns/CallsCommands.php(28): Illuminate\\Console\\Command->runCommand('migrate:reset', Array, Object(Illuminate\\Console\\OutputStyle))
#27 /var/www/vendor/laravel/framework/src/Illuminate/Database/Console/Migrations/RefreshCommand.php(110): Illuminate\\Console\\Command->call('migrate:reset', Array)
#28 /var/www/vendor/laravel/framework/src/Illuminate/Database/Console/Migrations/RefreshCommand.php(55): Illuminate\\Database\\Console\\Migrations\\RefreshCommand->runReset(NULL, Array)
#29 /var/www/vendor/laravel/framework/src/Illuminate/Container/BoundMethod.php(36): Illuminate\\Database\\Console\\Migrations\\RefreshCommand->handle()
#30 /var/www/vendor/laravel/framework/src/Illuminate/Container/Util.php(40): Illuminate\\Container\\BoundMethod::Illuminate\\Container\\{closure}()
#31 /var/www/vendor/laravel/framework/src/Illuminate/Container/BoundMethod.php(93): Illuminate\\Container\\Util::unwrapIfClosure(Object(Closure))
#32 /var/www/vendor/laravel/framework/src/Illuminate/Container/BoundMethod.php(37): Illuminate\\Container\\BoundMethod::callBoundMethod(Object(Illuminate\\Foundation\\Application), Array, Object(Closure))
#33 /var/www/vendor/laravel/framework/src/Illuminate/Container/Container.php(653): Illuminate\\Container\\BoundMethod::call(Object(Illuminate\\Foundation\\Application), Array, Array, NULL)
#34 /var/www/vendor/laravel/framework/src/Illuminate/Console/Command.php(136): Illuminate\\Container\\Container->call(Array)
#35 /var/www/vendor/symfony/console/Command/Command.php(298): Illuminate\\Console\\Command->execute(Object(Symfony\\Component\\Console\\Input\\ArgvInput), Object(Illuminate\\Console\\OutputStyle))
#36 /var/www/vendor/laravel/framework/src/Illuminate/Console/Command.php(121): Symfony\\Component\\Console\\Command\\Command->run(Object(Symfony\\Component\\Console\\Input\\ArgvInput), Object(Illuminate\\Console\\OutputStyle))
#37 /var/www/vendor/symfony/console/Application.php(1040): Illuminate\\Console\\Command->run(Object(Symfony\\Component\\Console\\Input\\ArgvInput), Object(Symfony\\Component\\Console\\Output\\ConsoleOutput))
#38 /var/www/vendor/symfony/console/Application.php(301): Symfony\\Component\\Console\\Application->doRunCommand(Object(Illuminate\\Database\\Console\\Migrations\\RefreshCommand), Object(Symfony\\Component\\Console\\Input\\ArgvInput), Object(Symfony\\Component\\Console\\Output\\ConsoleOutput))
#39 /var/www/vendor/symfony/console/Application.php(171): Symfony\\Component\\Console\\Application->doRun(Object(Symfony\\Component\\Console\\Input\\ArgvInput), Object(Symfony\\Component\\Console\\Output\\ConsoleOutput))
#40 /var/www/vendor/laravel/framework/src/Illuminate/Console/Application.php(94): Symfony\\Component\\Console\\Application->run(Object(Symfony\\Component\\Console\\Input\\ArgvInput), Object(Symfony\\Component\\Console\\Output\\ConsoleOutput))
#41 /var/www/vendor/laravel/framework/src/Illuminate/Foundation/Console/Kernel.php(129): Illuminate\\Console\\Application->run(Object(Symfony\\Component\\Console\\Input\\ArgvInput), Object(Symfony\\Component\\Console\\Output\\ConsoleOutput))
#42 /var/www/artisan(37): Illuminate\\Foundation\\Console\\Kernel->handle(Object(Symfony\\Component\\Console\\Input\\ArgvInput), Object(Symfony\\Component\\Console\\Output\\ConsoleOutput))
#43 {main}

[previous exception] [object] (PDOException(code: HY000): SQLSTATE[HY000]: General error: 3730 Cannot drop table 'users' referenced by a foreign key constraint 'attendance_sessions_user_id_foreign' on table 'attendance_sessions'. at /var/www/vendor/laravel/framework/src/Illuminate/Database/Connection.php:501)
[stacktrace]
#0 /var/www/vendor/laravel/framework/src/Illuminate/Database/Connection.php(501): PDOStatement->execute()
#1 /var/www/vendor/laravel/framework/src/Illuminate/Database/Connection.php(705): Illuminate\\Database\\Connection->Illuminate\\Database\\{closure}('drop table if e...', Array)
#2 /var/www/vendor/laravel/framework/src/Illuminate/Database/Connection.php(672): Illuminate\\Database\\Connection->runQueryCallback('drop table if e...', Array, Object(Closure))
#3 /var/www/vendor/laravel/framework/src/Illuminate/Database/Connection.php(502): Illuminate\\Database\\Connection->run('drop table if e...', Array, Object(Closure))
#4 /var/www/vendor/laravel/framework/src/Illuminate/Database/Schema/Blueprint.php(109): Illuminate\\Database\\Connection->statement('drop table if e...')
#5 /var/www/vendor/laravel/framework/src/Illuminate/Database/Schema/Builder.php(364): Illuminate\\Database\\Schema\\Blueprint->build(Object(Illuminate\\Database\\MySqlConnection), Object(Illuminate\\Database\\Schema\\Grammars\\MySqlGrammar))
#6 /var/www/vendor/laravel/framework/src/Illuminate/Database/Schema/Builder.php(253): Illuminate\\Database\\Schema\\Builder->build(Object(Illuminate\\Database\\Schema\\Blueprint))
#7 /var/www/vendor/laravel/framework/src/Illuminate/Support/Facades/Facade.php(261): Illuminate\\Database\\Schema\\Builder->dropIfExists('users')
#8 /var/www/database/migrations/2014_10_12_000000_create_users_table.php(34): Illuminate\\Support\\Facades\\Facade::__callStatic('dropIfExists', Array)
#9 /var/www/vendor/laravel/framework/src/Illuminate/Database/Migrations/Migrator.php(472): CreateUsersTable->down()
#10 /var/www/vendor/laravel/framework/src/Illuminate/Database/Migrations/Migrator.php(394): Illuminate\\Database\\Migrations\\Migrator->runMethod(Object(Illuminate\\Database\\MySqlConnection), Object(CreateUsersTable), 'down')
#11 /var/www/vendor/laravel/framework/src/Illuminate/Database/Migrations/Migrator.php(403): Illuminate\\Database\\Migrations\\Migrator->Illuminate\\Database\\Migrations\\{closure}()
#12 /var/www/vendor/laravel/framework/src/Illuminate/Database/Migrations/Migrator.php(365): Illuminate\\Database\\Migrations\\Migrator->runMigration(Object(CreateUsersTable), 'down')
#13 /var/www/vendor/laravel/framework/src/Illuminate/Database/Migrations/Migrator.php(286): Illuminate\\Database\\Migrations\\Migrator->runDown('/var/www/databa...', Object(stdClass), false)
#14 /var/www/vendor/laravel/framework/src/Illuminate/Database/Migrations/Migrator.php(336): Illuminate\\Database\\Migrations\\Migrator->rollbackMigrations(Array, Array, Array)
#15 /var/www/vendor/laravel/framework/src/Illuminate/Database/Migrations/Migrator.php(315): Illuminate\\Database\\Migrations\\Migrator->resetMigrations(Array, Array, false)
#16 /var/www/vendor/laravel/framework/src/Illuminate/Database/Console/Migrations/ResetCommand.php(67): Illuminate\\Database\\Migrations\\Migrator->reset(Array, false)
#17 /var/www/vendor/laravel/framework/src/Illuminate/Database/Migrations/Migrator.php(606): Illuminate\\Database\\Console\\Migrations\\ResetCommand->Illuminate\\Database\\Console\\Migrations\\{closure}()
#18 /var/www/vendor/laravel/framework/src/Illuminate/Database/Console/Migrations/ResetCommand.php(69): Illuminate\\Database\\Migrations\\Migrator->usingConnection(NULL, Object(Closure))
#19 /var/www/vendor/laravel/framework/src/Illuminate/Container/BoundMethod.php(36): Illuminate\\Database\\Console\\Migrations\\ResetCommand->handle()
#20 /var/www/vendor/laravel/framework/src/Illuminate/Container/Util.php(40): Illuminate\\Container\\BoundMethod::Illuminate\\Container\\{closure}()
#21 /var/www/vendor/laravel/framework/src/Illuminate/Container/BoundMethod.php(93): Illuminate\\Container\\Util::unwrapIfClosure(Object(Closure))
#22 /var/www/vendor/laravel/framework/src/Illuminate/Container/BoundMethod.php(37): Illuminate\\Container\\BoundMethod::callBoundMethod(Object(Illuminate\\Foundation\\Application), Array, Object(Closure))
#23 /var/www/vendor/laravel/framework/src/Illuminate/Container/Container.php(653): Illuminate\\Container\\BoundMethod::call(Object(Illuminate\\Foundation\\Application), Array, Array, NULL)
#24 /var/www/vendor/laravel/framework/src/Illuminate/Console/Command.php(136): Illuminate\\Container\\Container->call(Array)
#25 /var/www/vendor/symfony/console/Command/Command.php(298): Illuminate\\Console\\Command->execute(Object(Symfony\\Component\\Console\\Input\\ArrayInput), Object(Illuminate\\Console\\OutputStyle))
#26 /var/www/vendor/laravel/framework/src/Illuminate/Console/Command.php(121): Symfony\\Component\\Console\\Command\\Command->run(Object(Symfony\\Component\\Console\\Input\\ArrayInput), Object(Illuminate\\Console\\OutputStyle))
#27 /var/www/vendor/laravel/framework/src/Illuminate/Console/Concerns/CallsCommands.php(68): Illuminate\\Console\\Command->run(Object(Symfony\\Component\\Console\\Input\\ArrayInput), Object(Illuminate\\Console\\OutputStyle))
#28 /var/www/vendor/laravel/framework/src/Illuminate/Console/Concerns/CallsCommands.php(28): Illuminate\\Console\\Command->runCommand('migrate:reset', Array, Object(Illuminate\\Console\\OutputStyle))
#29 /var/www/vendor/laravel/framework/src/Illuminate/Database/Console/Migrations/RefreshCommand.php(110): Illuminate\\Console\\Command->call('migrate:reset', Array)
#30 /var/www/vendor/laravel/framework/src/Illuminate/Database/Console/Migrations/RefreshCommand.php(55): Illuminate\\Database\\Console\\Migrations\\RefreshCommand->runReset(NULL, Array)
#31 /var/www/vendor/laravel/framework/src/Illuminate/Container/BoundMethod.php(36): Illuminate\\Database\\Console\\Migrations\\RefreshCommand->handle()
#32 /var/www/vendor/laravel/framework/src/Illuminate/Container/Util.php(40): Illuminate\\Container\\BoundMethod::Illuminate\\Container\\{closure}()
#33 /var/www/vendor/laravel/framework/src/Illuminate/Container/BoundMethod.php(93): Illuminate\\Container\\Util::unwrapIfClosure(Object(Closure))
#34 /var/www/vendor/laravel/framework/src/Illuminate/Container/BoundMethod.php(37): Illuminate\\Container\\BoundMethod::callBoundMethod(Object(Illuminate\\Foundation\\Application), Array, Object(Closure))
#35 /var/www/vendor/laravel/framework/src/Illuminate/Container/Container.php(653): Illuminate\\Container\\BoundMethod::call(Object(Illuminate\\Foundation\\Application), Array, Array, NULL)
#36 /var/www/vendor/laravel/framework/src/Illuminate/Console/Command.php(136): Illuminate\\Container\\Container->call(Array)
#37 /var/www/vendor/symfony/console/Command/Command.php(298): Illuminate\\Console\\Command->execute(Object(Symfony\\Component\\Console\\Input\\ArgvInput), Object(Illuminate\\Console\\OutputStyle))
#38 /var/www/vendor/laravel/framework/src/Illuminate/Console/Command.php(121): Symfony\\Component\\Console\\Command\\Command->run(Object(Symfony\\Component\\Console\\Input\\ArgvInput), Object(Illuminate\\Console\\OutputStyle))
#39 /var/www/vendor/symfony/console/Application.php(1040): Illuminate\\Console\\Command->run(Object(Symfony\\Component\\Console\\Input\\ArgvInput), Object(Symfony\\Component\\Console\\Output\\ConsoleOutput))
#40 /var/www/vendor/symfony/console/Application.php(301): Symfony\\Component\\Console\\Application->doRunCommand(Object(Illuminate\\Database\\Console\\Migrations\\RefreshCommand), Object(Symfony\\Component\\Console\\Input\\ArgvInput), Object(Symfony\\Component\\Console\\Output\\ConsoleOutput))
#41 /var/www/vendor/symfony/console/Application.php(171): Symfony\\Component\\Console\\Application->doRun(Object(Symfony\\Component\\Console\\Input\\ArgvInput), Object(Symfony\\Component\\Console\\Output\\ConsoleOutput))
#42 /var/www/vendor/laravel/framework/src/Illuminate/Console/Application.php(94): Symfony\\Component\\Console\\Application->run(Object(Symfony\\Component\\Console\\Input\\ArgvInput), Object(Symfony\\Component\\Console\\Output\\ConsoleOutput))
#43 /var/www/vendor/laravel/framework/src/Illuminate/Foundation/Console/Kernel.php(129): Illuminate\\Console\\Application->run(Object(Symfony\\Component\\Console\\Input\\ArgvInput), Object(Symfony\\Component\\Console\\Output\\ConsoleOutput))
#44 /var/www/artisan(37): Illuminate\\Foundation\\Console\\Kernel->handle(Object(Symfony\\Component\\Console\\Input\\ArgvInput), Object(Symfony\\Component\\Console\\Output\\ConsoleOutput))
#45 {main}
"} 
[2025-03-16 23:32:36] local.ERROR: SQLSTATE[HY000]: General error: 3730 Cannot drop table 'users' referenced by a foreign key constraint 'attendance_sessions_user_id_foreign' on table 'attendance_sessions'. (SQL: drop table if exists `users`) {"exception":"[object] (Illuminate\\Database\\QueryException(code: HY000): SQLSTATE[HY000]: General error: 3730 Cannot drop table 'users' referenced by a foreign key constraint 'attendance_sessions_user_id_foreign' on table 'attendance_sessions'. (SQL: drop table if exists `users`) at /var/www/vendor/laravel/framework/src/Illuminate/Database/Connection.php:712)
[stacktrace]
#0 /var/www/vendor/laravel/framework/src/Illuminate/Database/Connection.php(672): Illuminate\\Database\\Connection->runQueryCallback('drop table if e...', Array, Object(Closure))
#1 /var/www/vendor/laravel/framework/src/Illuminate/Database/Connection.php(502): Illuminate\\Database\\Connection->run('drop table if e...', Array, Object(Closure))
#2 /var/www/vendor/laravel/framework/src/Illuminate/Database/Schema/Blueprint.php(109): Illuminate\\Database\\Connection->statement('drop table if e...')
#3 /var/www/vendor/laravel/framework/src/Illuminate/Database/Schema/Builder.php(364): Illuminate\\Database\\Schema\\Blueprint->build(Object(Illuminate\\Database\\MySqlConnection), Object(Illuminate\\Database\\Schema\\Grammars\\MySqlGrammar))
#4 /var/www/vendor/laravel/framework/src/Illuminate/Database/Schema/Builder.php(253): Illuminate\\Database\\Schema\\Builder->build(Object(Illuminate\\Database\\Schema\\Blueprint))
#5 /var/www/vendor/laravel/framework/src/Illuminate/Support/Facades/Facade.php(261): Illuminate\\Database\\Schema\\Builder->dropIfExists('users')
#6 /var/www/database/migrations/2014_10_12_000000_create_users_table.php(34): Illuminate\\Support\\Facades\\Facade::__callStatic('dropIfExists', Array)
#7 /var/www/vendor/laravel/framework/src/Illuminate/Database/Migrations/Migrator.php(472): CreateUsersTable->down()
#8 /var/www/vendor/laravel/framework/src/Illuminate/Database/Migrations/Migrator.php(394): Illuminate\\Database\\Migrations\\Migrator->runMethod(Object(Illuminate\\Database\\MySqlConnection), Object(CreateUsersTable), 'down')
#9 /var/www/vendor/laravel/framework/src/Illuminate/Database/Migrations/Migrator.php(403): Illuminate\\Database\\Migrations\\Migrator->Illuminate\\Database\\Migrations\\{closure}()
#10 /var/www/vendor/laravel/framework/src/Illuminate/Database/Migrations/Migrator.php(365): Illuminate\\Database\\Migrations\\Migrator->runMigration(Object(CreateUsersTable), 'down')
#11 /var/www/vendor/laravel/framework/src/Illuminate/Database/Migrations/Migrator.php(286): Illuminate\\Database\\Migrations\\Migrator->runDown('/var/www/databa...', Object(stdClass), false)
#12 /var/www/vendor/laravel/framework/src/Illuminate/Database/Migrations/Migrator.php(336): Illuminate\\Database\\Migrations\\Migrator->rollbackMigrations(Array, Array, Array)
#13 /var/www/vendor/laravel/framework/src/Illuminate/Database/Migrations/Migrator.php(315): Illuminate\\Database\\Migrations\\Migrator->resetMigrations(Array, Array, false)
#14 /var/www/vendor/laravel/framework/src/Illuminate/Database/Console/Migrations/ResetCommand.php(67): Illuminate\\Database\\Migrations\\Migrator->reset(Array, false)
#15 /var/www/vendor/laravel/framework/src/Illuminate/Database/Migrations/Migrator.php(606): Illuminate\\Database\\Console\\Migrations\\ResetCommand->Illuminate\\Database\\Console\\Migrations\\{closure}()
#16 /var/www/vendor/laravel/framework/src/Illuminate/Database/Console/Migrations/ResetCommand.php(69): Illuminate\\Database\\Migrations\\Migrator->usingConnection(NULL, Object(Closure))
#17 /var/www/vendor/laravel/framework/src/Illuminate/Container/BoundMethod.php(36): Illuminate\\Database\\Console\\Migrations\\ResetCommand->handle()
#18 /var/www/vendor/laravel/framework/src/Illuminate/Container/Util.php(40): Illuminate\\Container\\BoundMethod::Illuminate\\Container\\{closure}()
#19 /var/www/vendor/laravel/framework/src/Illuminate/Container/BoundMethod.php(93): Illuminate\\Container\\Util::unwrapIfClosure(Object(Closure))
#20 /var/www/vendor/laravel/framework/src/Illuminate/Container/BoundMethod.php(37): Illuminate\\Container\\BoundMethod::callBoundMethod(Object(Illuminate\\Foundation\\Application), Array, Object(Closure))
#21 /var/www/vendor/laravel/framework/src/Illuminate/Container/Container.php(653): Illuminate\\Container\\BoundMethod::call(Object(Illuminate\\Foundation\\Application), Array, Array, NULL)
#22 /var/www/vendor/laravel/framework/src/Illuminate/Console/Command.php(136): Illuminate\\Container\\Container->call(Array)
#23 /var/www/vendor/symfony/console/Command/Command.php(298): Illuminate\\Console\\Command->execute(Object(Symfony\\Component\\Console\\Input\\ArrayInput), Object(Illuminate\\Console\\OutputStyle))
#24 /var/www/vendor/laravel/framework/src/Illuminate/Console/Command.php(121): Symfony\\Component\\Console\\Command\\Command->run(Object(Symfony\\Component\\Console\\Input\\ArrayInput), Object(Illuminate\\Console\\OutputStyle))
#25 /var/www/vendor/laravel/framework/src/Illuminate/Console/Concerns/CallsCommands.php(68): Illuminate\\Console\\Command->run(Object(Symfony\\Component\\Console\\Input\\ArrayInput), Object(Illuminate\\Console\\OutputStyle))
#26 /var/www/vendor/laravel/framework/src/Illuminate/Console/Concerns/CallsCommands.php(28): Illuminate\\Console\\Command->runCommand('migrate:reset', Array, Object(Illuminate\\Console\\OutputStyle))
#27 /var/www/vendor/laravel/framework/src/Illuminate/Database/Console/Migrations/RefreshCommand.php(110): Illuminate\\Console\\Command->call('migrate:reset', Array)
#28 /var/www/vendor/laravel/framework/src/Illuminate/Database/Console/Migrations/RefreshCommand.php(55): Illuminate\\Database\\Console\\Migrations\\RefreshCommand->runReset(NULL, Array)
#29 /var/www/vendor/laravel/framework/src/Illuminate/Container/BoundMethod.php(36): Illuminate\\Database\\Console\\Migrations\\RefreshCommand->handle()
#30 /var/www/vendor/laravel/framework/src/Illuminate/Container/Util.php(40): Illuminate\\Container\\BoundMethod::Illuminate\\Container\\{closure}()
#31 /var/www/vendor/laravel/framework/src/Illuminate/Container/BoundMethod.php(93): Illuminate\\Container\\Util::unwrapIfClosure(Object(Closure))
#32 /var/www/vendor/laravel/framework/src/Illuminate/Container/BoundMethod.php(37): Illuminate\\Container\\BoundMethod::callBoundMethod(Object(Illuminate\\Foundation\\Application), Array, Object(Closure))
#33 /var/www/vendor/laravel/framework/src/Illuminate/Container/Container.php(653): Illuminate\\Container\\BoundMethod::call(Object(Illuminate\\Foundation\\Application), Array, Array, NULL)
#34 /var/www/vendor/laravel/framework/src/Illuminate/Console/Command.php(136): Illuminate\\Container\\Container->call(Array)
#35 /var/www/vendor/symfony/console/Command/Command.php(298): Illuminate\\Console\\Command->execute(Object(Symfony\\Component\\Console\\Input\\ArgvInput), Object(Illuminate\\Console\\OutputStyle))
#36 /var/www/vendor/laravel/framework/src/Illuminate/Console/Command.php(121): Symfony\\Component\\Console\\Command\\Command->run(Object(Symfony\\Component\\Console\\Input\\ArgvInput), Object(Illuminate\\Console\\OutputStyle))
#37 /var/www/vendor/symfony/console/Application.php(1040): Illuminate\\Console\\Command->run(Object(Symfony\\Component\\Console\\Input\\ArgvInput), Object(Symfony\\Component\\Console\\Output\\ConsoleOutput))
#38 /var/www/vendor/symfony/console/Application.php(301): Symfony\\Component\\Console\\Application->doRunCommand(Object(Illuminate\\Database\\Console\\Migrations\\RefreshCommand), Object(Symfony\\Component\\Console\\Input\\ArgvInput), Object(Symfony\\Component\\Console\\Output\\ConsoleOutput))
#39 /var/www/vendor/symfony/console/Application.php(171): Symfony\\Component\\Console\\Application->doRun(Object(Symfony\\Component\\Console\\Input\\ArgvInput), Object(Symfony\\Component\\Console\\Output\\ConsoleOutput))
#40 /var/www/vendor/laravel/framework/src/Illuminate/Console/Application.php(94): Symfony\\Component\\Console\\Application->run(Object(Symfony\\Component\\Console\\Input\\ArgvInput), Object(Symfony\\Component\\Console\\Output\\ConsoleOutput))
#41 /var/www/vendor/laravel/framework/src/Illuminate/Foundation/Console/Kernel.php(129): Illuminate\\Console\\Application->run(Object(Symfony\\Component\\Console\\Input\\ArgvInput), Object(Symfony\\Component\\Console\\Output\\ConsoleOutput))
#42 /var/www/artisan(37): Illuminate\\Foundation\\Console\\Kernel->handle(Object(Symfony\\Component\\Console\\Input\\ArgvInput), Object(Symfony\\Component\\Console\\Output\\ConsoleOutput))
#43 {main}

[previous exception] [object] (PDOException(code: HY000): SQLSTATE[HY000]: General error: 3730 Cannot drop table 'users' referenced by a foreign key constraint 'attendance_sessions_user_id_foreign' on table 'attendance_sessions'. at /var/www/vendor/laravel/framework/src/Illuminate/Database/Connection.php:501)
[stacktrace]
#0 /var/www/vendor/laravel/framework/src/Illuminate/Database/Connection.php(501): PDOStatement->execute()
#1 /var/www/vendor/laravel/framework/src/Illuminate/Database/Connection.php(705): Illuminate\\Database\\Connection->Illuminate\\Database\\{closure}('drop table if e...', Array)
#2 /var/www/vendor/laravel/framework/src/Illuminate/Database/Connection.php(672): Illuminate\\Database\\Connection->runQueryCallback('drop table if e...', Array, Object(Closure))
#3 /var/www/vendor/laravel/framework/src/Illuminate/Database/Connection.php(502): Illuminate\\Database\\Connection->run('drop table if e...', Array, Object(Closure))
#4 /var/www/vendor/laravel/framework/src/Illuminate/Database/Schema/Blueprint.php(109): Illuminate\\Database\\Connection->statement('drop table if e...')
#5 /var/www/vendor/laravel/framework/src/Illuminate/Database/Schema/Builder.php(364): Illuminate\\Database\\Schema\\Blueprint->build(Object(Illuminate\\Database\\MySqlConnection), Object(Illuminate\\Database\\Schema\\Grammars\\MySqlGrammar))
#6 /var/www/vendor/laravel/framework/src/Illuminate/Database/Schema/Builder.php(253): Illuminate\\Database\\Schema\\Builder->build(Object(Illuminate\\Database\\Schema\\Blueprint))
#7 /var/www/vendor/laravel/framework/src/Illuminate/Support/Facades/Facade.php(261): Illuminate\\Database\\Schema\\Builder->dropIfExists('users')
#8 /var/www/database/migrations/2014_10_12_000000_create_users_table.php(34): Illuminate\\Support\\Facades\\Facade::__callStatic('dropIfExists', Array)
#9 /var/www/vendor/laravel/framework/src/Illuminate/Database/Migrations/Migrator.php(472): CreateUsersTable->down()
#10 /var/www/vendor/laravel/framework/src/Illuminate/Database/Migrations/Migrator.php(394): Illuminate\\Database\\Migrations\\Migrator->runMethod(Object(Illuminate\\Database\\MySqlConnection), Object(CreateUsersTable), 'down')
#11 /var/www/vendor/laravel/framework/src/Illuminate/Database/Migrations/Migrator.php(403): Illuminate\\Database\\Migrations\\Migrator->Illuminate\\Database\\Migrations\\{closure}()
#12 /var/www/vendor/laravel/framework/src/Illuminate/Database/Migrations/Migrator.php(365): Illuminate\\Database\\Migrations\\Migrator->runMigration(Object(CreateUsersTable), 'down')
#13 /var/www/vendor/laravel/framework/src/Illuminate/Database/Migrations/Migrator.php(286): Illuminate\\Database\\Migrations\\Migrator->runDown('/var/www/databa...', Object(stdClass), false)
#14 /var/www/vendor/laravel/framework/src/Illuminate/Database/Migrations/Migrator.php(336): Illuminate\\Database\\Migrations\\Migrator->rollbackMigrations(Array, Array, Array)
#15 /var/www/vendor/laravel/framework/src/Illuminate/Database/Migrations/Migrator.php(315): Illuminate\\Database\\Migrations\\Migrator->resetMigrations(Array, Array, false)
#16 /var/www/vendor/laravel/framework/src/Illuminate/Database/Console/Migrations/ResetCommand.php(67): Illuminate\\Database\\Migrations\\Migrator->reset(Array, false)
#17 /var/www/vendor/laravel/framework/src/Illuminate/Database/Migrations/Migrator.php(606): Illuminate\\Database\\Console\\Migrations\\ResetCommand->Illuminate\\Database\\Console\\Migrations\\{closure}()
#18 /var/www/vendor/laravel/framework/src/Illuminate/Database/Console/Migrations/ResetCommand.php(69): Illuminate\\Database\\Migrations\\Migrator->usingConnection(NULL, Object(Closure))
#19 /var/www/vendor/laravel/framework/src/Illuminate/Container/BoundMethod.php(36): Illuminate\\Database\\Console\\Migrations\\ResetCommand->handle()
#20 /var/www/vendor/laravel/framework/src/Illuminate/Container/Util.php(40): Illuminate\\Container\\BoundMethod::Illuminate\\Container\\{closure}()
#21 /var/www/vendor/laravel/framework/src/Illuminate/Container/BoundMethod.php(93): Illuminate\\Container\\Util::unwrapIfClosure(Object(Closure))
#22 /var/www/vendor/laravel/framework/src/Illuminate/Container/BoundMethod.php(37): Illuminate\\Container\\BoundMethod::callBoundMethod(Object(Illuminate\\Foundation\\Application), Array, Object(Closure))
#23 /var/www/vendor/laravel/framework/src/Illuminate/Container/Container.php(653): Illuminate\\Container\\BoundMethod::call(Object(Illuminate\\Foundation\\Application), Array, Array, NULL)
#24 /var/www/vendor/laravel/framework/src/Illuminate/Console/Command.php(136): Illuminate\\Container\\Container->call(Array)
#25 /var/www/vendor/symfony/console/Command/Command.php(298): Illuminate\\Console\\Command->execute(Object(Symfony\\Component\\Console\\Input\\ArrayInput), Object(Illuminate\\Console\\OutputStyle))
#26 /var/www/vendor/laravel/framework/src/Illuminate/Console/Command.php(121): Symfony\\Component\\Console\\Command\\Command->run(Object(Symfony\\Component\\Console\\Input\\ArrayInput), Object(Illuminate\\Console\\OutputStyle))
#27 /var/www/vendor/laravel/framework/src/Illuminate/Console/Concerns/CallsCommands.php(68): Illuminate\\Console\\Command->run(Object(Symfony\\Component\\Console\\Input\\ArrayInput), Object(Illuminate\\Console\\OutputStyle))
#28 /var/www/vendor/laravel/framework/src/Illuminate/Console/Concerns/CallsCommands.php(28): Illuminate\\Console\\Command->runCommand('migrate:reset', Array, Object(Illuminate\\Console\\OutputStyle))
#29 /var/www/vendor/laravel/framework/src/Illuminate/Database/Console/Migrations/RefreshCommand.php(110): Illuminate\\Console\\Command->call('migrate:reset', Array)
#30 /var/www/vendor/laravel/framework/src/Illuminate/Database/Console/Migrations/RefreshCommand.php(55): Illuminate\\Database\\Console\\Migrations\\RefreshCommand->runReset(NULL, Array)
#31 /var/www/vendor/laravel/framework/src/Illuminate/Container/BoundMethod.php(36): Illuminate\\Database\\Console\\Migrations\\RefreshCommand->handle()
#32 /var/www/vendor/laravel/framework/src/Illuminate/Container/Util.php(40): Illuminate\\Container\\BoundMethod::Illuminate\\Container\\{closure}()
#33 /var/www/vendor/laravel/framework/src/Illuminate/Container/BoundMethod.php(93): Illuminate\\Container\\Util::unwrapIfClosure(Object(Closure))
#34 /var/www/vendor/laravel/framework/src/Illuminate/Container/BoundMethod.php(37): Illuminate\\Container\\BoundMethod::callBoundMethod(Object(Illuminate\\Foundation\\Application), Array, Object(Closure))
#35 /var/www/vendor/laravel/framework/src/Illuminate/Container/Container.php(653): Illuminate\\Container\\BoundMethod::call(Object(Illuminate\\Foundation\\Application), Array, Array, NULL)
#36 /var/www/vendor/laravel/framework/src/Illuminate/Console/Command.php(136): Illuminate\\Container\\Container->call(Array)
#37 /var/www/vendor/symfony/console/Command/Command.php(298): Illuminate\\Console\\Command->execute(Object(Symfony\\Component\\Console\\Input\\ArgvInput), Object(Illuminate\\Console\\OutputStyle))
#38 /var/www/vendor/laravel/framework/src/Illuminate/Console/Command.php(121): Symfony\\Component\\Console\\Command\\Command->run(Object(Symfony\\Component\\Console\\Input\\ArgvInput), Object(Illuminate\\Console\\OutputStyle))
#39 /var/www/vendor/symfony/console/Application.php(1040): Illuminate\\Console\\Command->run(Object(Symfony\\Component\\Console\\Input\\ArgvInput), Object(Symfony\\Component\\Console\\Output\\ConsoleOutput))
#40 /var/www/vendor/symfony/console/Application.php(301): Symfony\\Component\\Console\\Application->doRunCommand(Object(Illuminate\\Database\\Console\\Migrations\\RefreshCommand), Object(Symfony\\Component\\Console\\Input\\ArgvInput), Object(Symfony\\Component\\Console\\Output\\ConsoleOutput))
#41 /var/www/vendor/symfony/console/Application.php(171): Symfony\\Component\\Console\\Application->doRun(Object(Symfony\\Component\\Console\\Input\\ArgvInput), Object(Symfony\\Component\\Console\\Output\\ConsoleOutput))
#42 /var/www/vendor/laravel/framework/src/Illuminate/Console/Application.php(94): Symfony\\Component\\Console\\Application->run(Object(Symfony\\Component\\Console\\Input\\ArgvInput), Object(Symfony\\Component\\Console\\Output\\ConsoleOutput))
#43 /var/www/vendor/laravel/framework/src/Illuminate/Foundation/Console/Kernel.php(129): Illuminate\\Console\\Application->run(Object(Symfony\\Component\\Console\\Input\\ArgvInput), Object(Symfony\\Component\\Console\\Output\\ConsoleOutput))
#44 /var/www/artisan(37): Illuminate\\Foundation\\Console\\Kernel->handle(Object(Symfony\\Component\\Console\\Input\\ArgvInput), Object(Symfony\\Component\\Console\\Output\\ConsoleOutput))
#45 {main}
"} 
[2025-03-19 15:08:20] local.INFO: Validating login request {"_token":"QGdOQSa9JsNX7k4LFsf2TViJ9yvXiFI3izbmOkUG","email":"tama@test.com","password":"Tamapass"} 
[2025-03-19 15:08:50] local.INFO: Validating login request {"_token":"X3HP39MkidGyii2T7ySxyBs06du9CnmEzN7Zx8dv","email":"tama@test.com","password":"Tamapass"} 
[2025-03-19 15:11:26] local.INFO: getCurrentAttendance呼び出し {"user_id":1,"date":"2025-03-19"} 
[2025-03-19 15:11:26] local.INFO: getCurrentAttendance結果 {"found":"no","record":null} 
